<?xml version="1.0" encoding="UTF-8"?>
<!-- Generated by org.testng.reporters.JUnitXMLReporter -->
<testsuite hostname="LAPTOP-OCU9AMD9" ignored="0" name="order" tests="7" failures="0" timestamp="10 Dec 2017 19:21:01 GMT" time="72.582" errors="0">
  <testcase name="loadUpStep1" time="5.45" classname="ethoca.challenge.magicmouse.testng.MagicMousePurchase"/>
  <testcase name="loadUpStep2" time="9.504" classname="ethoca.challenge.magicmouse.testng.MagicMousePurchase"/>
  <testcase name="loadUpStep3" time="8.745" classname="ethoca.challenge.magicmouse.testng.MagicMousePurchase"/>
  <testcase name="loadUpStep4" time="12.154" classname="ethoca.challenge.magicmouse.testng.MagicMousePurchase"/>
  <testcase name="loadUpStep5" time="2.219" classname="ethoca.challenge.magicmouse.testng.MagicMousePurchase"/>
  <testcase name="loadUpStep6" time="23.554" classname="ethoca.challenge.magicmouse.testng.MagicMousePurchase"/>
  <testcase name="loadUpStep7" time="2.499" classname="ethoca.challenge.magicmouse.testng.MagicMousePurchase"/>
</testsuite> <!-- order -->
